22-07-27 19:00:24 DEBUG clientInboundChannel-3 controller.ChatController:57 - Adding user in list: FirstLast
22-07-27 19:00:24 DEBUG clientInboundChannel-4 controller.ChatController:76 - null####FirstLast
22-07-27 19:03:47 DEBUG clientOutboundChannel-1 controller.EventListner:26 - Received a new web socket connection
22-07-27 19:03:47 DEBUG clientOutboundChannel-2 controller.EventListner:26 - Received a new web socket connection
22-07-27 19:03:47 DEBUG clientInboundChannel-3 controller.ChatController:57 - Adding user in list: FirstLast
22-07-27 19:03:47 DEBUG clientInboundChannel-5 controller.ChatController:76 - null####FirstLast
22-07-27 19:03:51 DEBUG clientOutboundChannel-5 controller.EventListner:26 - Received a new web socket connection
22-07-27 19:03:51 DEBUG clientOutboundChannel-6 controller.EventListner:26 - Received a new web socket connection
22-07-27 19:03:51 DEBUG clientInboundChannel-5 controller.ChatController:76 - null####FirstLast2
22-07-27 19:03:51 DEBUG clientInboundChannel-13 controller.ChatController:57 - Adding user in list: FirstLast2
22-07-27 19:04:05 DEBUG clientInboundChannel-1 controller.ChatController:65 - receiver /sendMessage h
22-07-27 19:04:05 DEBUG clientInboundChannel-4 controller.ChatController:65 - receiver /sendMessage he
22-07-27 19:04:05 DEBUG clientInboundChannel-3 controller.ChatController:65 - receiver /sendMessage hel
22-07-27 19:04:05 DEBUG clientInboundChannel-5 controller.ChatController:65 - receiver /sendMessage hell
22-07-27 19:04:06 DEBUG clientInboundChannel-2 controller.ChatController:65 - receiver /sendMessage hello
22-07-27 19:04:06 DEBUG clientInboundChannel-14 controller.ChatController:65 - receiver /sendMessage hello
22-07-27 19:04:14 DEBUG clientInboundChannel-1 controller.ChatController:65 - receiver /sendMessage h
22-07-27 19:04:14 DEBUG clientInboundChannel-4 controller.ChatController:65 - receiver /sendMessage hi
22-07-27 19:04:15 DEBUG clientInboundChannel-3 controller.ChatController:65 - receiver /sendMessage hi
22-07-27 19:04:55 DEBUG clientInboundChannel-17 controller.ChatController:65 - receiver /sendMessage y
22-07-27 19:04:55 DEBUG clientInboundChannel-15 controller.ChatController:65 - receiver /sendMessage yo
22-07-27 19:04:55 DEBUG clientInboundChannel-6 controller.ChatController:65 - receiver /sendMessage yoy
22-07-27 19:04:56 DEBUG clientInboundChannel-9 controller.ChatController:65 - receiver /sendMessage yoyo
22-07-27 19:04:56 DEBUG clientInboundChannel-10 controller.ChatController:65 - receiver /sendMessage yoyo
